<?xml version="1.0" encoding="UTF-8"?>
<testsuites name="jest tests" tests="6" failures="0" time="3.893">
  <testsuite name="ReduxBase" errors="0" failures="0" skipped="0" timestamp="2024-08-17T00:25:11" time="3.449" tests="6">
    <testcase classname="ReduxBase creates a working Redux environment" name="ReduxBase creates a working Redux environment" time="0.202">
    </testcase>
    <testcase classname="ReduxBase analytics fires an event with default analytics" name="ReduxBase analytics fires an event with default analytics" time="0.157">
    </testcase>
    <testcase classname="ReduxBase analytics fires an event with overridden values" name="ReduxBase analytics fires an event with overridden values" time="0.132">
    </testcase>
    <testcase classname="ReduxBase analytics accepts an action that generates config with a function" name="ReduxBase analytics accepts an action that generates config with a function" time="0.137">
    </testcase>
    <testcase classname="ReduxBase analytics accepts an action that generates label with a function" name="ReduxBase analytics accepts an action that generates label with a function" time="0.125">
    </testcase>
    <testcase classname="ReduxBase analytics debounces events" name="ReduxBase analytics debounces events" time="0.041">
    </testcase>
  </testsuite>
</testsuites>